<?xml version="1.0" encoding="UTF-8"?>
<testsuites name="Product_Purchase" time="25.207" tests="1" failures="0" errors="0">
   <testsuite name="Product_Purchase" tests="1" failures="0" errors="0" time="25.207" skipped="0" timestamp="21-04-2024T10:53:38" hostname="AN574BV - IN3072595W1.ey.net" id="Test Suites/Swag_Labs/Product_Purchase">
      <properties>
         <property name="deviceName" value=""/>
         <property name="devicePlatform" value=""/>
         <property name="logFolder" value="C:\\Users\\AN574BV\\git\\KatalonPractice2024\\Reports\\20240421_105326\\Swag_Labs\\Product_Purchase\\20240421_105326"/>
         <property name="logFiles" value="C:\\Users\\AN574BV\\git\\KatalonPractice2024\\Reports\\20240421_105326\\Swag_Labs\\Product_Purchase\\20240421_105326\\execution0.log"/>
         <property name="attachments" value=""/>
         <property name="hostName" value="AN574BV - IN3072595W1.ey.net"/>
         <property name="os" value="Windows 10 64bit"/>
         <property name="katalonVersion" value="9.4.0.212"/>
         <property name="browser" value="Chrome 123.0.0.0"/>
         <property name="hostAddress" value="192.168.0.106"/>
         <property name="sessionId" value="698db4b8e1df2adf50e59d7897e40b84"/>
         <property name="seleniumVersion" value="3.141.59"/>
         <property name="proxyInformation" value="ProxyInformation { proxyOption=NO_PROXY, proxyServerType=HTTP, username=, password=********, proxyServerAddress=, proxyServerPort=0, executionList=&quot;&quot;, isApplyToDesiredCapabilities=true }"/>
         <property name="platform" value="Windows 10"/>
      </properties>
      <testcase name="Test Cases/SwagLabs/Product_Purchase" time="24.743" classname="Test Cases/SwagLabs/Product_Purchase" status="PASSED">
         <system-out><![CDATA[21-04-2024T10:53:39 - [TEST_CASE][PASSED] - Test Cases/SwagLabs/Product_Purchase: Test Cases/SwagLabs/Product_Purchase

21-04-2024T10:53:39 - [TEST_STEP][PASSED] - openBrowser(""): Browser is opened with url: ''

21-04-2024T10:53:40 - [MESSAGE][INFO] - Starting 'Chrome' driver

21-04-2024T10:53:41 - [MESSAGE][INFO] - Action delay is set to 0 milliseconds

21-04-2024T10:53:55 - [MESSAGE][PASSED] - Browser is opened with url: ''

21-04-2024T10:53:55 - [TEST_STEP][PASSED] - navigateToUrl("https://www.saucedemo.com/v1/index.html"): Navigate to 'https://www.saucedemo.com/v1/index.html' successfully

21-04-2024T10:53:56 - [MESSAGE][PASSED] - Navigate to 'https://www.saucedemo.com/v1/index.html' successfully

21-04-2024T10:53:56 - [TEST_STEP][PASSED] - setText(findTestObject("Object Repository/Product_Purchase_Day03/Page_Swag Labs/input_standard_userlocked_out_userproblem_u_db77ac"), "standard_user"): Text 'standard_user' is set on object 'Object Repository/Product_Purchase_Day03/Page_Swag Labs/input_standard_userlocked_out_userproblem_u_db77ac'

21-04-2024T10:53:58 - [MESSAGE][PASSED] - Text 'standard_user' is set on object 'Object Repository/Product_Purchase_Day03/Page_Swag Labs/input_standard_userlocked_out_userproblem_u_db77ac'

21-04-2024T10:53:58 - [TEST_STEP][PASSED] - setEncryptedText(findTestObject("Object Repository/Product_Purchase_Day03/Page_Swag Labs/input_standard_userlocked_out_userproblem_u_3423e9"), "qvR8qdLDkuSHoogsugpyXQ=="): Text ****** has been set on object 'Object Repository/Product_Purchase_Day03/Page_Swag Labs/input_standard_userlocked_out_userproblem_u_3423e9'

21-04-2024T10:53:58 - [MESSAGE][PASSED] - Text ****** has been set on object 'Object Repository/Product_Purchase_Day03/Page_Swag Labs/input_standard_userlocked_out_userproblem_u_3423e9'

21-04-2024T10:53:58 - [TEST_STEP][PASSED] - click(findTestObject("Object Repository/Product_Purchase_Day03/Page_Swag Labs/input_standard_userlocked_out_userproblem_u_0dff71")): Object: 'Object Repository/Product_Purchase_Day03/Page_Swag Labs/input_standard_userlocked_out_userproblem_u_0dff71' is clicked on

21-04-2024T10:53:59 - [MESSAGE][PASSED] - Object: 'Object Repository/Product_Purchase_Day03/Page_Swag Labs/input_standard_userlocked_out_userproblem_u_0dff71' is clicked on

21-04-2024T10:53:59 - [TEST_STEP][PASSED] - click(findTestObject("Object Repository/Product_Purchase_Day03/Page_Swag Labs/div_Epic sadface Username and password do n_d62622")): Object: 'Object Repository/Product_Purchase_Day03/Page_Swag Labs/div_Epic sadface Username and password do n_d62622' is clicked on

21-04-2024T10:53:59 - [MESSAGE][PASSED] - Object: 'Object Repository/Product_Purchase_Day03/Page_Swag Labs/div_Epic sadface Username and password do n_d62622' is clicked on

21-04-2024T10:53:59 - [TEST_STEP][PASSED] - setEncryptedText(findTestObject("Object Repository/Product_Purchase_Day03/Page_Swag Labs/input_standard_userlocked_out_userproblem_u_3423e9"), "qcu24s4901FyWDTwXGr6XA=="): Text ****** has been set on object 'Object Repository/Product_Purchase_Day03/Page_Swag Labs/input_standard_userlocked_out_userproblem_u_3423e9'

21-04-2024T10:54:00 - [MESSAGE][PASSED] - Text ****** has been set on object 'Object Repository/Product_Purchase_Day03/Page_Swag Labs/input_standard_userlocked_out_userproblem_u_3423e9'

21-04-2024T10:54:00 - [TEST_STEP][PASSED] - click(findTestObject("Object Repository/Product_Purchase_Day03/Page_Swag Labs/input_standard_userlocked_out_userproblem_u_0dff71")): Object: 'Object Repository/Product_Purchase_Day03/Page_Swag Labs/input_standard_userlocked_out_userproblem_u_0dff71' is clicked on

21-04-2024T10:54:02 - [MESSAGE][PASSED] - Object: 'Object Repository/Product_Purchase_Day03/Page_Swag Labs/input_standard_userlocked_out_userproblem_u_0dff71' is clicked on

21-04-2024T10:54:02 - [TEST_STEP][PASSED] - click(findTestObject("Object Repository/Product_Purchase_Day03/Page_Swag Labs/button_ADD TO CART")): Object: 'Object Repository/Product_Purchase_Day03/Page_Swag Labs/button_ADD TO CART' is clicked on

21-04-2024T10:54:03 - [MESSAGE][PASSED] - Object: 'Object Repository/Product_Purchase_Day03/Page_Swag Labs/button_ADD TO CART' is clicked on

21-04-2024T10:54:03 - [TEST_STEP][PASSED] - closeBrowser(): Browser is closed

21-04-2024T10:54:03 - [MESSAGE][PASSED] - Browser is closed]]></system-out>
         <system-err><![CDATA[]]></system-err>
      </testcase>
      <system-out><![CDATA[21-04-2024T10:53:38 - [TEST_SUITE][PASSED] - Product_Purchase: Test Cases/SwagLabs/Product_Purchase]]></system-out>
      <system-err><![CDATA[]]></system-err>
   </testsuite>
</testsuites>
